[2015-08-27 12:30:41,327][ERROR, (HandlerDispatcher.java:128).run] 
[2015-08-27 12:32:40,094][ERROR, (HandlerDispatcher.java:128).run] io.netty.util.IllegalReferenceCountException: refCnt: 0
	at io.netty.buffer.AbstractByteBuf.ensureAccessible(AbstractByteBuf.java:1173)
	at io.netty.buffer.AbstractByteBuf.checkReadableBytes(AbstractByteBuf.java:1156)
	at io.netty.buffer.AbstractByteBuf.readInt(AbstractByteBuf.java:612)
	at cpgame.demo.domain.Command.readString(Command.java:73)
	at cpgame.demo.domain.GameRequest.readString(GameRequest.java:99)
	at cpgame.demo.handler.InitHandler.execute(InitHandler.java:23)
	at cpgame.demo.dispatcher.HandlerDispatcher$MessageWorker.handMessageQueue(HandlerDispatcher.java:140)
	at cpgame.demo.dispatcher.HandlerDispatcher$MessageWorker.run(HandlerDispatcher.java:126)
	at java.util.concurrent.ThreadPoolExecutor.runWorker(Unknown Source)
	at java.util.concurrent.ThreadPoolExecutor$Worker.run(Unknown Source)
	at java.lang.Thread.run(Unknown Source)

[2015-08-27 12:35:40,900][ERROR, (HandlerDispatcher.java:128).run] io.netty.util.IllegalReferenceCountException: refCnt: 0
	at io.netty.buffer.AbstractByteBuf.ensureAccessible(AbstractByteBuf.java:1173)
	at io.netty.buffer.AbstractByteBuf.checkReadableBytes(AbstractByteBuf.java:1156)
	at io.netty.buffer.AbstractByteBuf.readInt(AbstractByteBuf.java:612)
	at cpgame.demo.domain.Command.readString(Command.java:73)
	at cpgame.demo.domain.GameRequest.readString(GameRequest.java:99)
	at cpgame.demo.handler.InitHandler.execute(InitHandler.java:23)
	at cpgame.demo.dispatcher.HandlerDispatcher$MessageWorker.handMessageQueue(HandlerDispatcher.java:140)
	at cpgame.demo.dispatcher.HandlerDispatcher$MessageWorker.run(HandlerDispatcher.java:126)
	at java.util.concurrent.ThreadPoolExecutor.runWorker(Unknown Source)
	at java.util.concurrent.ThreadPoolExecutor$Worker.run(Unknown Source)
	at java.lang.Thread.run(Unknown Source)

[2015-08-27 12:36:18,918][ERROR, (HandlerDispatcher.java:128).run] io.netty.util.IllegalReferenceCountException: refCnt: 0
	at io.netty.buffer.AbstractByteBuf.ensureAccessible(AbstractByteBuf.java:1173)
	at io.netty.buffer.AbstractByteBuf.checkReadableBytes(AbstractByteBuf.java:1156)
	at io.netty.buffer.AbstractByteBuf.readInt(AbstractByteBuf.java:612)
	at cpgame.demo.domain.Command.readString(Command.java:73)
	at cpgame.demo.domain.GameRequest.readString(GameRequest.java:99)
	at cpgame.demo.handler.InitHandler.execute(InitHandler.java:23)
	at cpgame.demo.dispatcher.HandlerDispatcher$MessageWorker.handMessageQueue(HandlerDispatcher.java:140)
	at cpgame.demo.dispatcher.HandlerDispatcher$MessageWorker.run(HandlerDispatcher.java:126)
	at java.util.concurrent.ThreadPoolExecutor.runWorker(Unknown Source)
	at java.util.concurrent.ThreadPoolExecutor$Worker.run(Unknown Source)
	at java.lang.Thread.run(Unknown Source)

[2015-08-27 13:42:03,420][ERROR, (HandlerDispatcher.java:128).run] io.netty.util.IllegalReferenceCountException: refCnt: 0
	at io.netty.buffer.AbstractByteBuf.ensureAccessible(AbstractByteBuf.java:1173)
	at io.netty.buffer.AbstractByteBuf.checkReadableBytes(AbstractByteBuf.java:1156)
	at io.netty.buffer.AbstractByteBuf.readInt(AbstractByteBuf.java:612)
	at cpgame.demo.domain.Command.readString(Command.java:73)
	at cpgame.demo.domain.GameRequest.readString(GameRequest.java:99)
	at cpgame.demo.handler.InitHandler.execute(InitHandler.java:23)
	at cpgame.demo.dispatcher.HandlerDispatcher$MessageWorker.handMessageQueue(HandlerDispatcher.java:140)
	at cpgame.demo.dispatcher.HandlerDispatcher$MessageWorker.run(HandlerDispatcher.java:126)
	at java.util.concurrent.ThreadPoolExecutor.runWorker(Unknown Source)
	at java.util.concurrent.ThreadPoolExecutor$Worker.run(Unknown Source)
	at java.lang.Thread.run(Unknown Source)

[2015-08-27 13:48:18,028][ERROR, (InitHandler.java:23).execute] Are you ok?
[2015-08-27 13:48:28,120][ERROR, (InitHandler.java:23).execute] Are you ok?
[2015-08-27 13:49:01,608][ERROR, (InitHandler.java:23).execute] Are you ok?
[2015-08-27 13:50:00,485][ERROR, (InitHandler.java:23).execute] Are you ok?
[2015-08-27 13:51:40,929][ERROR, (InitHandler.java:23).execute] are you ok?
[2015-08-27 13:51:40,933][ERROR, (HandlerDispatcher.java:128).run] java.lang.ClassCastException: java.util.LinkedList cannot be cast to io.netty.buffer.ByteBuf
	at cpgame.demo.dispatcher.HandlerDispatcher$MessageWorker.handMessageQueue(HandlerDispatcher.java:153)
	at cpgame.demo.dispatcher.HandlerDispatcher$MessageWorker.run(HandlerDispatcher.java:126)
	at java.util.concurrent.ThreadPoolExecutor.runWorker(Unknown Source)
	at java.util.concurrent.ThreadPoolExecutor$Worker.run(Unknown Source)
	at java.lang.Thread.run(Unknown Source)

[2015-08-27 13:51:43,857][ERROR, (InitHandler.java:23).execute] are you ok?
[2015-08-27 13:51:43,858][ERROR, (HandlerDispatcher.java:128).run] java.lang.ClassCastException: java.util.LinkedList cannot be cast to io.netty.buffer.ByteBuf
	at cpgame.demo.dispatcher.HandlerDispatcher$MessageWorker.handMessageQueue(HandlerDispatcher.java:153)
	at cpgame.demo.dispatcher.HandlerDispatcher$MessageWorker.run(HandlerDispatcher.java:126)
	at java.util.concurrent.ThreadPoolExecutor.runWorker(Unknown Source)
	at java.util.concurrent.ThreadPoolExecutor$Worker.run(Unknown Source)
	at java.lang.Thread.run(Unknown Source)

[2015-08-27 13:53:15,313][ERROR, (InitHandler.java:23).execute] are you ok?
[2015-08-27 13:53:15,317][ERROR, (HandlerDispatcher.java:128).run] java.lang.ClassCastException: io.netty.handler.codec.http.websocketx.TextWebSocketFrame cannot be cast to io.netty.handler.codec.http.FullHttpRequest
	at cpgame.demo.dispatcher.HandlerDispatcher$MessageWorker.handMessageQueue(HandlerDispatcher.java:148)
	at cpgame.demo.dispatcher.HandlerDispatcher$MessageWorker.run(HandlerDispatcher.java:126)
	at java.util.concurrent.ThreadPoolExecutor.runWorker(Unknown Source)
	at java.util.concurrent.ThreadPoolExecutor$Worker.run(Unknown Source)
	at java.lang.Thread.run(Unknown Source)

[2015-08-27 13:59:09,836][ERROR, (InitHandler.java:23).execute] Are you ok?
[2015-08-27 13:59:35,547][ERROR, (InitHandler.java:23).execute] are you ok?
[2015-08-27 13:59:35,552][WARN, (Slf4JLogger.java:151).warn] Failed to release a message.
io.netty.util.IllegalReferenceCountException: refCnt: 0, decrement: 1
	at io.netty.buffer.AbstractReferenceCountedByteBuf.release(AbstractReferenceCountedByteBuf.java:115)
	at io.netty.util.ReferenceCountUtil.release(ReferenceCountUtil.java:68)
	at io.netty.channel.ChannelOutboundBuffer.safeRelease(ChannelOutboundBuffer.java:509)
	at io.netty.channel.ChannelOutboundBuffer.remove(ChannelOutboundBuffer.java:268)
	at io.netty.channel.socket.nio.NioSocketChannel.doWrite(NioSocketChannel.java:266)
	at io.netty.channel.AbstractChannel$AbstractUnsafe.flush0(AbstractChannel.java:682)
	at io.netty.channel.nio.AbstractNioChannel$AbstractNioUnsafe.flush0(AbstractNioChannel.java:271)
	at io.netty.channel.AbstractChannel$AbstractUnsafe.flush(AbstractChannel.java:651)
	at io.netty.channel.DefaultChannelPipeline$HeadHandler.flush(DefaultChannelPipeline.java:1038)
	at io.netty.channel.DefaultChannelHandlerContext.invokeFlush(DefaultChannelHandlerContext.java:675)
	at io.netty.channel.DefaultChannelHandlerContext.flush(DefaultChannelHandlerContext.java:656)
	at io.netty.channel.ChannelOutboundHandlerAdapter.flush(ChannelOutboundHandlerAdapter.java:115)
	at io.netty.channel.DefaultChannelHandlerContext.invokeFlush(DefaultChannelHandlerContext.java:675)
	at io.netty.channel.DefaultChannelHandlerContext.access$1600(DefaultChannelHandlerContext.java:29)
	at io.netty.channel.DefaultChannelHandlerContext$WriteTask.run(DefaultChannelHandlerContext.java:908)
	at io.netty.util.concurrent.SingleThreadEventExecutor.runAllTasks(SingleThreadEventExecutor.java:354)
	at io.netty.channel.nio.NioEventLoop.run(NioEventLoop.java:353)
	at io.netty.util.concurrent.SingleThreadEventExecutor$2.run(SingleThreadEventExecutor.java:101)
	at java.lang.Thread.run(Unknown Source)
[2015-08-27 14:06:09,251][ERROR, (InitHandler.java:23).execute] are you ok?
[2015-08-27 14:06:23,581][WARN, (Slf4JLogger.java:151).warn] Failed to release a message.
io.netty.util.IllegalReferenceCountException: refCnt: 0, decrement: 1
	at io.netty.buffer.AbstractReferenceCountedByteBuf.release(AbstractReferenceCountedByteBuf.java:115)
	at io.netty.util.ReferenceCountUtil.release(ReferenceCountUtil.java:68)
	at io.netty.channel.ChannelOutboundBuffer.safeRelease(ChannelOutboundBuffer.java:509)
	at io.netty.channel.ChannelOutboundBuffer.remove(ChannelOutboundBuffer.java:268)
	at io.netty.channel.socket.nio.NioSocketChannel.doWrite(NioSocketChannel.java:266)
	at io.netty.channel.AbstractChannel$AbstractUnsafe.flush0(AbstractChannel.java:682)
	at io.netty.channel.nio.AbstractNioChannel$AbstractNioUnsafe.flush0(AbstractNioChannel.java:271)
	at io.netty.channel.AbstractChannel$AbstractUnsafe.flush(AbstractChannel.java:651)
	at io.netty.channel.DefaultChannelPipeline$HeadHandler.flush(DefaultChannelPipeline.java:1038)
	at io.netty.channel.DefaultChannelHandlerContext.invokeFlush(DefaultChannelHandlerContext.java:675)
	at io.netty.channel.DefaultChannelHandlerContext.flush(DefaultChannelHandlerContext.java:656)
	at io.netty.channel.ChannelOutboundHandlerAdapter.flush(ChannelOutboundHandlerAdapter.java:115)
	at io.netty.channel.DefaultChannelHandlerContext.invokeFlush(DefaultChannelHandlerContext.java:675)
	at io.netty.channel.DefaultChannelHandlerContext.access$1600(DefaultChannelHandlerContext.java:29)
	at io.netty.channel.DefaultChannelHandlerContext$WriteTask.run(DefaultChannelHandlerContext.java:908)
	at io.netty.util.concurrent.SingleThreadEventExecutor.runAllTasks(SingleThreadEventExecutor.java:354)
	at io.netty.channel.nio.NioEventLoop.run(NioEventLoop.java:353)
	at io.netty.util.concurrent.SingleThreadEventExecutor$2.run(SingleThreadEventExecutor.java:101)
	at java.lang.Thread.run(Unknown Source)
[2015-08-27 14:11:09,319][ERROR, (HandlerDispatcher.java:132).run] java.lang.ClassCastException: io.netty.buffer.UnpooledHeapByteBuf cannot be cast to java.util.List
	at cpgame.demo.domain.GameResponse.write(GameResponse.java:77)
	at cpgame.demo.domain.GameResponse.<init>(GameResponse.java:37)
	at cpgame.demo.dispatcher.HandlerDispatcher$MessageWorker.handMessageQueue(HandlerDispatcher.java:140)
	at cpgame.demo.dispatcher.HandlerDispatcher$MessageWorker.run(HandlerDispatcher.java:130)
	at java.util.concurrent.ThreadPoolExecutor.runWorker(Unknown Source)
	at java.util.concurrent.ThreadPoolExecutor$Worker.run(Unknown Source)
	at java.lang.Thread.run(Unknown Source)

[2015-08-27 14:12:02,713][ERROR, (InitHandler.java:23).execute] are you ok?
[2015-08-27 14:12:02,718][ERROR, (HandlerDispatcher.java:132).run] java.lang.ClassCastException: java.util.LinkedList cannot be cast to io.netty.buffer.ByteBuf
	at cpgame.demo.dispatcher.HandlerDispatcher$MessageWorker.handMessageQueue(HandlerDispatcher.java:160)
	at cpgame.demo.dispatcher.HandlerDispatcher$MessageWorker.run(HandlerDispatcher.java:130)
	at java.util.concurrent.ThreadPoolExecutor.runWorker(Unknown Source)
	at java.util.concurrent.ThreadPoolExecutor$Worker.run(Unknown Source)
	at java.lang.Thread.run(Unknown Source)

[2015-08-27 14:12:54,859][ERROR, (InitHandler.java:23).execute] are you ok?
[2015-08-27 14:21:51,899][ERROR, (InitHandler.java:23).execute] are you ok?
[2015-08-27 14:22:13,408][ERROR, (InitHandler.java:23).execute] are you ok?
[2015-08-27 14:22:14,448][ERROR, (InitHandler.java:23).execute] are you ok?
[2015-08-27 14:22:14,938][ERROR, (InitHandler.java:23).execute] are you ok?
[2015-08-27 14:22:15,338][ERROR, (InitHandler.java:23).execute] are you ok?
[2015-08-27 14:22:15,598][ERROR, (InitHandler.java:23).execute] are you ok?
[2015-08-27 14:22:15,838][ERROR, (InitHandler.java:23).execute] are you ok?
[2015-08-27 14:22:18,949][ERROR, (InitHandler.java:23).execute] are you ok?
[2015-08-27 14:22:20,339][ERROR, (InitHandler.java:23).execute] are you ok?
[2015-08-27 14:22:37,331][ERROR, (InitHandler.java:23).execute] are you ok?
[2015-08-27 14:22:52,441][ERROR, (InitHandler.java:23).execute] are you ok?
[2015-08-27 14:23:05,799][ERROR, (InitHandler.java:23).execute] are you ok?
[2015-08-27 14:31:40,958][ERROR, (HandlerDispatcher.java:132).run] java.lang.NullPointerException
	at cpgame.demo.domain.GameResponse.<init>(GameResponse.java:40)
	at cpgame.demo.dispatcher.HandlerDispatcher$MessageWorker.handMessageQueue(HandlerDispatcher.java:140)
	at cpgame.demo.dispatcher.HandlerDispatcher$MessageWorker.run(HandlerDispatcher.java:130)
	at java.util.concurrent.ThreadPoolExecutor.runWorker(Unknown Source)
	at java.util.concurrent.ThreadPoolExecutor$Worker.run(Unknown Source)
	at java.lang.Thread.run(Unknown Source)

[2015-08-27 14:31:52,255][ERROR, (InitHandler.java:23).execute] are you ok?
[2015-08-27 14:32:16,807][ERROR, (InitHandler.java:23).execute] are you ok?
[2016-07-30 21:13:33,294][WARN, (HandlerDispatcher.java:146).handMessageQueue] 指令 [1510664114]找不到
[2016-07-30 21:21:02,760][WARN, (HandlerDispatcher.java:146).handMessageQueue] 指令 [1330861088]找不到
[2016-07-30 21:21:18,769][WARN, (HandlerDispatcher.java:146).handMessageQueue] 指令 [1510664114]找不到
[2016-07-30 21:21:42,741][ERROR, (HandlerDispatcher.java:132).run] java.lang.NegativeArraySizeException
	at cpgame.demo.domain.Command.readString(Command.java:73)
	at cpgame.demo.domain.GameRequest.readString(GameRequest.java:99)
	at cpgame.demo.handler.InitHandler.execute(InitHandler.java:23)
	at cpgame.demo.dispatcher.HandlerDispatcher$MessageWorker.handMessageQueue(HandlerDispatcher.java:144)
	at cpgame.demo.dispatcher.HandlerDispatcher$MessageWorker.run(HandlerDispatcher.java:130)
	at java.util.concurrent.ThreadPoolExecutor.runWorker(ThreadPoolExecutor.java:1142)
	at java.util.concurrent.ThreadPoolExecutor$Worker.run(ThreadPoolExecutor.java:617)
	at java.lang.Thread.run(Thread.java:745)

[2016-07-30 21:23:15,140][ERROR, (HandlerDispatcher.java:132).run] java.lang.NegativeArraySizeException
	at cpgame.demo.domain.Command.readString(Command.java:73)
	at cpgame.demo.domain.GameRequest.readString(GameRequest.java:99)
	at cpgame.demo.handler.InitHandler.execute(InitHandler.java:23)
	at cpgame.demo.dispatcher.HandlerDispatcher$MessageWorker.handMessageQueue(HandlerDispatcher.java:144)
	at cpgame.demo.dispatcher.HandlerDispatcher$MessageWorker.run(HandlerDispatcher.java:130)
	at java.util.concurrent.ThreadPoolExecutor.runWorker(ThreadPoolExecutor.java:1142)
	at java.util.concurrent.ThreadPoolExecutor$Worker.run(ThreadPoolExecutor.java:617)
	at java.lang.Thread.run(Thread.java:745)

[2016-07-30 21:28:01,591][ERROR, (HandlerDispatcher.java:132).run] java.lang.NegativeArraySizeException
	at cpgame.demo.domain.Command.readString(Command.java:73)
	at cpgame.demo.domain.GameRequest.readString(GameRequest.java:99)
	at cpgame.demo.handler.InitHandler.execute(InitHandler.java:23)
	at cpgame.demo.dispatcher.HandlerDispatcher$MessageWorker.handMessageQueue(HandlerDispatcher.java:144)
	at cpgame.demo.dispatcher.HandlerDispatcher$MessageWorker.run(HandlerDispatcher.java:130)
	at java.util.concurrent.ThreadPoolExecutor.runWorker(ThreadPoolExecutor.java:1142)
	at java.util.concurrent.ThreadPoolExecutor$Worker.run(ThreadPoolExecutor.java:617)
	at java.lang.Thread.run(Thread.java:745)

[2016-07-30 21:31:56,724][ERROR, (HandlerDispatcher.java:132).run] java.lang.NegativeArraySizeException
	at cpgame.demo.domain.Command.readString(Command.java:73)
	at cpgame.demo.domain.GameRequest.readString(GameRequest.java:99)
	at cpgame.demo.handler.InitHandler.execute(InitHandler.java:23)
	at cpgame.demo.dispatcher.HandlerDispatcher$MessageWorker.handMessageQueue(HandlerDispatcher.java:144)
	at cpgame.demo.dispatcher.HandlerDispatcher$MessageWorker.run(HandlerDispatcher.java:130)
	at java.util.concurrent.ThreadPoolExecutor.runWorker(ThreadPoolExecutor.java:1142)
	at java.util.concurrent.ThreadPoolExecutor$Worker.run(ThreadPoolExecutor.java:617)
	at java.lang.Thread.run(Thread.java:745)

[2016-07-30 21:38:33,154][ERROR, (HandlerDispatcher.java:134).run] java.lang.NegativeArraySizeException
	at cpgame.demo.domain.Command.readString(Command.java:73)
	at cpgame.demo.domain.GameRequest.readString(GameRequest.java:100)
	at cpgame.demo.handler.InitHandler.execute(InitHandler.java:23)
	at cpgame.demo.dispatcher.HandlerDispatcher$MessageWorker.handMessageQueue(HandlerDispatcher.java:146)
	at cpgame.demo.dispatcher.HandlerDispatcher$MessageWorker.run(HandlerDispatcher.java:132)
	at java.util.concurrent.ThreadPoolExecutor.runWorker(ThreadPoolExecutor.java:1142)
	at java.util.concurrent.ThreadPoolExecutor$Worker.run(ThreadPoolExecutor.java:617)
	at java.lang.Thread.run(Thread.java:745)

[2016-07-30 21:40:17,569][ERROR, (HandlerDispatcher.java:135).run] java.lang.NegativeArraySizeException
	at cpgame.demo.domain.Command.readString(Command.java:73)
	at cpgame.demo.domain.GameRequest.readString(GameRequest.java:100)
	at cpgame.demo.handler.InitHandler.execute(InitHandler.java:23)
	at cpgame.demo.dispatcher.HandlerDispatcher$MessageWorker.handMessageQueue(HandlerDispatcher.java:147)
	at cpgame.demo.dispatcher.HandlerDispatcher$MessageWorker.run(HandlerDispatcher.java:133)
	at java.util.concurrent.ThreadPoolExecutor.runWorker(ThreadPoolExecutor.java:1142)
	at java.util.concurrent.ThreadPoolExecutor$Worker.run(ThreadPoolExecutor.java:617)
	at java.lang.Thread.run(Thread.java:745)

[2016-08-02 17:20:20,901][WARN, (Slf4JLogger.java:151).warn] An exceptionCaught() event was fired, and it reached at the tail of the pipeline. It usually means the last handler in the pipeline did not handle the exception.
java.io.IOException: 远程主机强迫关闭了一个现有的连接。
	at sun.nio.ch.SocketDispatcher.read0(Native Method)
	at sun.nio.ch.SocketDispatcher.read(SocketDispatcher.java:43)
	at sun.nio.ch.IOUtil.readIntoNativeBuffer(IOUtil.java:223)
	at sun.nio.ch.IOUtil.read(IOUtil.java:192)
	at sun.nio.ch.SocketChannelImpl.read(SocketChannelImpl.java:380)
	at io.netty.buffer.UnpooledUnsafeDirectByteBuf.setBytes(UnpooledUnsafeDirectByteBuf.java:446)
	at io.netty.buffer.AbstractByteBuf.writeBytes(AbstractByteBuf.java:871)
	at io.netty.channel.socket.nio.NioSocketChannel.doReadBytes(NioSocketChannel.java:208)
	at io.netty.channel.nio.AbstractNioByteChannel$NioByteUnsafe.read(AbstractNioByteChannel.java:118)
	at io.netty.channel.nio.NioEventLoop.processSelectedKey(NioEventLoop.java:485)
	at io.netty.channel.nio.NioEventLoop.processSelectedKeysOptimized(NioEventLoop.java:452)
	at io.netty.channel.nio.NioEventLoop.run(NioEventLoop.java:346)
	at io.netty.util.concurrent.SingleThreadEventExecutor$2.run(SingleThreadEventExecutor.java:101)
	at java.lang.Thread.run(Thread.java:745)
[2016-08-03 11:25:10,215][WARN, (Slf4JLogger.java:151).warn] Failed to initialize a channel. Closing: [id: 0xdafe47ea, /127.0.0.1:57976 => /127.0.0.1:8080]
java.lang.ExceptionInInitializerError
	at cpgame.demo.netty.ServerInitializer.initChannel(ServerInitializer.java:55)
	at cpgame.demo.netty.ServerInitializer.initChannel(ServerInitializer.java:1)
	at io.netty.channel.ChannelInitializer.channelRegistered(ChannelInitializer.java:69)
	at io.netty.channel.DefaultChannelHandlerContext.invokeChannelRegistered(DefaultChannelHandlerContext.java:163)
	at io.netty.channel.DefaultChannelHandlerContext.fireChannelRegistered(DefaultChannelHandlerContext.java:149)
	at io.netty.channel.DefaultChannelPipeline.fireChannelRegistered(DefaultChannelPipeline.java:730)
	at io.netty.channel.AbstractChannel$AbstractUnsafe.register0(AbstractChannel.java:442)
	at io.netty.channel.AbstractChannel$AbstractUnsafe.access$100(AbstractChannel.java:374)
	at io.netty.channel.AbstractChannel$AbstractUnsafe$1.run(AbstractChannel.java:418)
	at io.netty.util.concurrent.SingleThreadEventExecutor.runAllTasks(SingleThreadEventExecutor.java:354)
	at io.netty.channel.nio.NioEventLoop.run(NioEventLoop.java:353)
	at io.netty.util.concurrent.SingleThreadEventExecutor$2.run(SingleThreadEventExecutor.java:101)
	at java.lang.Thread.run(Thread.java:745)
Caused by: java.lang.ClassCastException: org.slf4j.impl.Log4jLoggerAdapter cannot be cast to java.util.logging.Logger
	at cpgame.demo.netty.ServerAdapter.<clinit>(ServerAdapter.java:33)
	... 13 more
[2016-08-03 11:26:50,896][WARN, (Slf4JLogger.java:151).warn] Failed to initialize a channel. Closing: [id: 0xfa724b26, /127.0.0.1:58025 => /127.0.0.1:8080]
java.lang.ExceptionInInitializerError
	at cpgame.demo.netty.ServerInitializer.initChannel(ServerInitializer.java:55)
	at cpgame.demo.netty.ServerInitializer.initChannel(ServerInitializer.java:1)
	at io.netty.channel.ChannelInitializer.channelRegistered(ChannelInitializer.java:69)
	at io.netty.channel.DefaultChannelHandlerContext.invokeChannelRegistered(DefaultChannelHandlerContext.java:163)
	at io.netty.channel.DefaultChannelHandlerContext.fireChannelRegistered(DefaultChannelHandlerContext.java:149)
	at io.netty.channel.DefaultChannelPipeline.fireChannelRegistered(DefaultChannelPipeline.java:730)
	at io.netty.channel.AbstractChannel$AbstractUnsafe.register0(AbstractChannel.java:442)
	at io.netty.channel.AbstractChannel$AbstractUnsafe.access$100(AbstractChannel.java:374)
	at io.netty.channel.AbstractChannel$AbstractUnsafe$1.run(AbstractChannel.java:418)
	at io.netty.util.concurrent.SingleThreadEventExecutor.runAllTasks(SingleThreadEventExecutor.java:354)
	at io.netty.channel.nio.NioEventLoop.run(NioEventLoop.java:353)
	at io.netty.util.concurrent.SingleThreadEventExecutor$2.run(SingleThreadEventExecutor.java:101)
	at java.lang.Thread.run(Thread.java:745)
Caused by: java.lang.ClassCastException: org.slf4j.impl.Log4jLoggerAdapter cannot be cast to java.util.logging.Logger
	at cpgame.demo.netty.ServerAdapter.<clinit>(ServerAdapter.java:33)
	... 13 more
[2016-08-03 11:40:17,956][ERROR, (HandlerDispatcher.java:136).run] java.lang.NullPointerException
	at cpgame.demo.domain.GameResponse.<init>(GameResponse.java:39)
	at cpgame.demo.dispatcher.HandlerDispatcher$MessageWorker.handMessageQueue(HandlerDispatcher.java:144)
	at cpgame.demo.dispatcher.HandlerDispatcher$MessageWorker.run(HandlerDispatcher.java:134)
	at java.util.concurrent.ThreadPoolExecutor.runWorker(ThreadPoolExecutor.java:1142)
	at java.util.concurrent.ThreadPoolExecutor$Worker.run(ThreadPoolExecutor.java:617)
	at java.lang.Thread.run(Thread.java:745)

[2016-08-03 20:55:31,396][ERROR, (HandlerDispatcher.java:136).run] java.lang.NullPointerException
	at cpgame.demo.domain.GameResponse.<init>(GameResponse.java:39)
	at cpgame.demo.dispatcher.HandlerDispatcher$MessageWorker.handMessageQueue(HandlerDispatcher.java:144)
	at cpgame.demo.dispatcher.HandlerDispatcher$MessageWorker.run(HandlerDispatcher.java:134)
	at java.util.concurrent.ThreadPoolExecutor.runWorker(ThreadPoolExecutor.java:1142)
	at java.util.concurrent.ThreadPoolExecutor$Worker.run(ThreadPoolExecutor.java:617)
	at java.lang.Thread.run(Thread.java:745)

[2016-08-03 20:59:56,989][ERROR, (HandlerDispatcher.java:136).run] java.lang.NullPointerException
	at cpgame.demo.domain.GameResponse.<init>(GameResponse.java:39)
	at cpgame.demo.dispatcher.HandlerDispatcher$MessageWorker.handMessageQueue(HandlerDispatcher.java:144)
	at cpgame.demo.dispatcher.HandlerDispatcher$MessageWorker.run(HandlerDispatcher.java:134)
	at java.util.concurrent.ThreadPoolExecutor.runWorker(ThreadPoolExecutor.java:1142)
	at java.util.concurrent.ThreadPoolExecutor$Worker.run(ThreadPoolExecutor.java:617)
	at java.lang.Thread.run(Thread.java:745)

[2016-08-03 21:00:57,472][ERROR, (HandlerDispatcher.java:136).run] java.lang.NullPointerException
	at cpgame.demo.domain.GameResponse.<init>(GameResponse.java:39)
	at cpgame.demo.dispatcher.HandlerDispatcher$MessageWorker.handMessageQueue(HandlerDispatcher.java:144)
	at cpgame.demo.dispatcher.HandlerDispatcher$MessageWorker.run(HandlerDispatcher.java:134)
	at java.util.concurrent.ThreadPoolExecutor.runWorker(ThreadPoolExecutor.java:1142)
	at java.util.concurrent.ThreadPoolExecutor$Worker.run(ThreadPoolExecutor.java:617)
	at java.lang.Thread.run(Thread.java:745)

[2016-08-03 21:05:46,583][ERROR, (HandlerDispatcher.java:136).run] java.lang.NullPointerException
	at cpgame.demo.domain.GameResponse.<init>(GameResponse.java:39)
	at cpgame.demo.dispatcher.HandlerDispatcher$MessageWorker.handMessageQueue(HandlerDispatcher.java:144)
	at cpgame.demo.dispatcher.HandlerDispatcher$MessageWorker.run(HandlerDispatcher.java:134)
	at java.util.concurrent.ThreadPoolExecutor.runWorker(ThreadPoolExecutor.java:1142)
	at java.util.concurrent.ThreadPoolExecutor$Worker.run(ThreadPoolExecutor.java:617)
	at java.lang.Thread.run(Thread.java:745)

[2016-08-03 21:07:12,547][ERROR, (HandlerDispatcher.java:136).run] java.lang.NullPointerException
	at cpgame.demo.domain.GameResponse.<init>(GameResponse.java:39)
	at cpgame.demo.dispatcher.HandlerDispatcher$MessageWorker.handMessageQueue(HandlerDispatcher.java:144)
	at cpgame.demo.dispatcher.HandlerDispatcher$MessageWorker.run(HandlerDispatcher.java:134)
	at java.util.concurrent.ThreadPoolExecutor.runWorker(ThreadPoolExecutor.java:1142)
	at java.util.concurrent.ThreadPoolExecutor$Worker.run(ThreadPoolExecutor.java:617)
	at java.lang.Thread.run(Thread.java:745)

[2016-08-03 21:13:46,282][WARN, (HandlerDispatcher.java:150).handMessageQueue] 指令 [134287905]找不到
[2016-08-03 21:20:57,042][WARN, (HandlerDispatcher.java:150).handMessageQueue] 指令 [134287905]找不到
[2016-08-03 21:26:09,525][WARN, (HandlerDispatcher.java:150).handMessageQueue] 指令 [134287905]找不到
[2016-08-03 21:29:41,888][WARN, (HandlerDispatcher.java:150).handMessageQueue] 指令 [134287905]找不到
[2016-08-03 21:32:20,578][WARN, (HandlerDispatcher.java:153).handMessageQueue] 指令 [134287905]找不到
[2016-08-03 21:33:07,974][WARN, (HandlerDispatcher.java:154).handMessageQueue] 指令 [134287905]找不到
[2016-08-03 21:36:14,988][WARN, (HandlerDispatcher.java:157).handMessageQueue] 指令 [134287905]找不到
[2016-08-03 21:37:30,896][WARN, (HandlerDispatcher.java:157).handMessageQueue] 指令 [134287905]找不到
[2016-08-12 15:58:46,626][WARN, (HandlerDispatcher.java:157).handMessageQueue] 指令 [134287905]找不到
[2016-08-12 16:19:04,481][WARN, (HandlerDispatcher.java:157).handMessageQueue] 指令 [134287905]找不到
[2016-08-12 16:30:32,173][WARN, (HandlerDispatcher.java:157).handMessageQueue] 指令 [134287905]找不到
[2016-08-12 17:21:54,758][WARN, (HandlerDispatcher.java:157).handMessageQueue] 指令 [134287905]找不到
[2016-08-18 00:07:05,903][WARN, (ClassPathMapperScanner.java:167).doScan] No MyBatis mapper was found in '[cpgame.demo.dao]' package. Please check your configuration.
[2016-08-18 00:09:16,113][WARN, (ClassPathMapperScanner.java:167).doScan] No MyBatis mapper was found in '[cpgame.demo.dao]' package. Please check your configuration.
[2016-08-18 00:13:36,451][WARN, (ClassPathMapperScanner.java:167).doScan] No MyBatis mapper was found in '[cpgame.demo.dao]' package. Please check your configuration.
[2016-08-18 00:13:52,738][WARN, (ClassPathMapperScanner.java:167).doScan] No MyBatis mapper was found in '[cpgame.demo.dao]' package. Please check your configuration.
[2016-08-18 00:15:31,012][WARN, (ClassPathMapperScanner.java:167).doScan] No MyBatis mapper was found in '[cpgame.demo.dao]' package. Please check your configuration.
[2016-08-18 00:24:11,002][WARN, (ClassPathMapperScanner.java:240).checkCandidate] Skipping MapperFactoryBean with name 'userMapper' and 'cpgame.demo.dao.UserMapper' mapperInterface. Bean already defined with the same name!
[2016-08-18 00:24:11,003][WARN, (ClassPathMapperScanner.java:167).doScan] No MyBatis mapper was found in '[cpgame.demo.dao]' package. Please check your configuration.
[2016-08-18 00:24:50,339][WARN, (ClassPathMapperScanner.java:240).checkCandidate] Skipping MapperFactoryBean with name 'userMapper' and 'cpgame.demo.dao.UserMapper' mapperInterface. Bean already defined with the same name!
[2016-08-18 00:24:50,340][WARN, (ClassPathMapperScanner.java:167).doScan] No MyBatis mapper was found in '[cpgame.demo.dao]' package. Please check your configuration.
[2016-08-18 00:28:56,605][WARN, (ClassPathMapperScanner.java:240).checkCandidate] Skipping MapperFactoryBean with name 'userMapper' and 'cpgame.demo.dao.UserMapper' mapperInterface. Bean already defined with the same name!
[2016-08-18 00:28:56,607][WARN, (ClassPathMapperScanner.java:167).doScan] No MyBatis mapper was found in '[cpgame.demo.dao]' package. Please check your configuration.
[2016-08-18 00:29:58,137][WARN, (ClassPathMapperScanner.java:240).checkCandidate] Skipping MapperFactoryBean with name 'userMapper' and 'cpgame.demo.dao.UserMapper' mapperInterface. Bean already defined with the same name!
[2016-08-18 00:29:58,138][WARN, (ClassPathMapperScanner.java:167).doScan] No MyBatis mapper was found in '[cpgame.demo.dao]' package. Please check your configuration.
[2016-08-18 00:33:44,328][WARN, (ClassPathMapperScanner.java:240).checkCandidate] Skipping MapperFactoryBean with name 'userMapper' and 'cpgame.demo.dao.UserMapper' mapperInterface. Bean already defined with the same name!
[2016-08-18 00:33:44,329][WARN, (ClassPathMapperScanner.java:167).doScan] No MyBatis mapper was found in '[cpgame.demo.dao]' package. Please check your configuration.
[2016-08-18 00:40:37,267][WARN, (ClassPathMapperScanner.java:240).checkCandidate] Skipping MapperFactoryBean with name 'userMapper' and 'cpgame.demo.dao.UserMapper' mapperInterface. Bean already defined with the same name!
[2016-08-18 00:40:37,268][WARN, (ClassPathMapperScanner.java:167).doScan] No MyBatis mapper was found in '[cpgame.demo.dao]' package. Please check your configuration.
[2016-08-17 10:44:14,188][WARN, (ClassPathMapperScanner.java:167).doScan] No MyBatis mapper was found in '[cpgame.demo.dao.mapper]' package. Please check your configuration.
[2016-08-17 10:45:04,390][WARN, (ClassPathMapperScanner.java:167).doScan] No MyBatis mapper was found in '[cpgame.demo.dao.mapper]' package. Please check your configuration.
[2016-08-17 10:58:28,326][WARN, (ClassPathMapperScanner.java:240).checkCandidate] Skipping MapperFactoryBean with name 'userMapper' and 'cpgame.demo.dao.UserMapper' mapperInterface. Bean already defined with the same name!
[2016-08-17 10:58:28,327][WARN, (ClassPathMapperScanner.java:167).doScan] No MyBatis mapper was found in '[cpgame.demo.dao]' package. Please check your configuration.
[2016-08-17 10:59:29,392][WARN, (ClassPathMapperScanner.java:240).checkCandidate] Skipping MapperFactoryBean with name 'userMapper' and 'cpgame.demo.dao.UserMapper' mapperInterface. Bean already defined with the same name!
[2016-08-17 10:59:29,392][WARN, (ClassPathMapperScanner.java:167).doScan] No MyBatis mapper was found in '[cpgame.demo.dao]' package. Please check your configuration.
[2016-08-17 15:05:27,327][WARN, (ClassPathMapperScanner.java:167).doScan] No MyBatis mapper was found in '[cpgame.demo.dao.mapper]' package. Please check your configuration.
[2016-08-17 15:06:07,817][WARN, (ClassPathMapperScanner.java:167).doScan] No MyBatis mapper was found in '[cpgame.demo.dao.mapper]' package. Please check your configuration.
[2016-09-12 22:40:27,571][WARN, (HandlerDispatcher.java:150).handMessageQueue] 指令 [94]找不到
[2016-09-12 22:43:22,605][WARN, (HandlerDispatcher.java:150).handMessageQueue] 指令 [94]找不到
[2016-09-12 22:46:58,655][WARN, (HandlerDispatcher.java:150).handMessageQueue] 指令 [94]找不到
[2016-09-12 22:57:25,484][WARN, (HandlerDispatcher.java:150).handMessageQueue] 指令 [2566]找不到
[2016-09-13 15:14:39,180][ERROR, (HandlerDispatcher.java:147).handMessageQueue] com.google.protobuf.UninitializedMessageException: Message missing required fields: content
	at com.google.protobuf.AbstractMessage$Builder.newUninitializedMessageException(AbstractMessage.java:770)
	at cpgame.demo.proto.GameMessage$UsersCheckResp$Builder.build(GameMessage.java:1954)
	at cpgame.demo.handler.UserHandler.handleRegisterCheck(UserHandler.java:124)
	at cpgame.demo.handler.UserHandler.handleMsg(UserHandler.java:66)
	at cpgame.demo.dispatcher.HandlerDispatcher$MessageWorker.handMessageQueue(HandlerDispatcher.java:145)
	at cpgame.demo.dispatcher.HandlerDispatcher$MessageWorker.run(HandlerDispatcher.java:130)
	at java.util.concurrent.ThreadPoolExecutor.runWorker(ThreadPoolExecutor.java:1142)
	at java.util.concurrent.ThreadPoolExecutor$Worker.run(ThreadPoolExecutor.java:617)
	at java.lang.Thread.run(Thread.java:745)

[2016-09-13 15:17:41,337][ERROR, (UserHandler.java:160).handleRegisterCheck] com.google.protobuf.InvalidProtocolBufferException: Message missing required fields: password2, email
	at com.google.protobuf.UninitializedMessageException.asInvalidProtocolBufferException(UninitializedMessageException.java:81)
	at com.google.protobuf.AbstractParser.checkMessageInitialized(AbstractParser.java:71)
	at com.google.protobuf.AbstractParser.parseFrom(AbstractParser.java:176)
	at com.google.protobuf.AbstractParser.parseFrom(AbstractParser.java:188)
	at com.google.protobuf.AbstractParser.parseFrom(AbstractParser.java:193)
	at com.google.protobuf.AbstractParser.parseFrom(AbstractParser.java:49)
	at cpgame.demo.proto.GameMessage$RegisterCheck.parseFrom(GameMessage.java:1096)
	at cpgame.demo.handler.UserHandler.handleRegisterCheck(UserHandler.java:126)
	at cpgame.demo.handler.UserHandler.handleMsg(UserHandler.java:66)
	at cpgame.demo.dispatcher.HandlerDispatcher$MessageWorker.handMessageQueue(HandlerDispatcher.java:145)
	at cpgame.demo.dispatcher.HandlerDispatcher$MessageWorker.run(HandlerDispatcher.java:130)
	at java.util.concurrent.ThreadPoolExecutor.runWorker(ThreadPoolExecutor.java:1142)
	at java.util.concurrent.ThreadPoolExecutor$Worker.run(ThreadPoolExecutor.java:617)
	at java.lang.Thread.run(Thread.java:745)

[2016-09-16 17:07:39,834][ERROR, (UserHandler.java:160).handleRegisterCheck] com.google.protobuf.InvalidProtocolBufferException: While parsing a protocol message, the input ended unexpectedly in the middle of a field.  This could mean either than the input has been truncated or that an embedded message misreported its own length.
	at com.google.protobuf.InvalidProtocolBufferException.truncatedMessage(InvalidProtocolBufferException.java:70)
	at com.google.protobuf.CodedInputStream.readRawBytes(CodedInputStream.java:789)
	at com.google.protobuf.CodedInputStream.readBytes(CodedInputStream.java:329)
	at cpgame.demo.proto.GameMessage$RegisterCheck.<init>(GameMessage.java:785)
	at cpgame.demo.proto.GameMessage$RegisterCheck.<init>(GameMessage.java:745)
	at cpgame.demo.proto.GameMessage$RegisterCheck$1.parsePartialFrom(GameMessage.java:818)
	at cpgame.demo.proto.GameMessage$RegisterCheck$1.parsePartialFrom(GameMessage.java:1)
	at com.google.protobuf.AbstractParser.parsePartialFrom(AbstractParser.java:141)
	at com.google.protobuf.AbstractParser.parseFrom(AbstractParser.java:176)
	at com.google.protobuf.AbstractParser.parseFrom(AbstractParser.java:188)
	at com.google.protobuf.AbstractParser.parseFrom(AbstractParser.java:193)
	at com.google.protobuf.AbstractParser.parseFrom(AbstractParser.java:49)
	at cpgame.demo.proto.GameMessage$RegisterCheck.parseFrom(GameMessage.java:1096)
	at cpgame.demo.handler.UserHandler.handleRegisterCheck(UserHandler.java:126)
	at cpgame.demo.handler.UserHandler.handleMsg(UserHandler.java:66)
	at cpgame.demo.dispatcher.HandlerDispatcher$MessageWorker.handMessageQueue(HandlerDispatcher.java:145)
	at cpgame.demo.dispatcher.HandlerDispatcher$MessageWorker.run(HandlerDispatcher.java:130)
	at java.util.concurrent.ThreadPoolExecutor.runWorker(ThreadPoolExecutor.java:1142)
	at java.util.concurrent.ThreadPoolExecutor$Worker.run(ThreadPoolExecutor.java:617)
	at java.lang.Thread.run(Thread.java:745)

[2016-09-16 17:10:41,832][ERROR, (UserHandler.java:162).handleRegisterCheck] com.google.protobuf.InvalidProtocolBufferException: While parsing a protocol message, the input ended unexpectedly in the middle of a field.  This could mean either than the input has been truncated or that an embedded message misreported its own length.
	at com.google.protobuf.InvalidProtocolBufferException.truncatedMessage(InvalidProtocolBufferException.java:70)
	at com.google.protobuf.CodedInputStream.readRawBytes(CodedInputStream.java:789)
	at com.google.protobuf.CodedInputStream.readBytes(CodedInputStream.java:329)
	at cpgame.demo.proto.GameMessage$RegisterCheck.<init>(GameMessage.java:785)
	at cpgame.demo.proto.GameMessage$RegisterCheck.<init>(GameMessage.java:745)
	at cpgame.demo.proto.GameMessage$RegisterCheck$1.parsePartialFrom(GameMessage.java:818)
	at cpgame.demo.proto.GameMessage$RegisterCheck$1.parsePartialFrom(GameMessage.java:1)
	at com.google.protobuf.AbstractParser.parsePartialFrom(AbstractParser.java:141)
	at com.google.protobuf.AbstractParser.parseFrom(AbstractParser.java:176)
	at com.google.protobuf.AbstractParser.parseFrom(AbstractParser.java:188)
	at com.google.protobuf.AbstractParser.parseFrom(AbstractParser.java:193)
	at com.google.protobuf.AbstractParser.parseFrom(AbstractParser.java:49)
	at cpgame.demo.proto.GameMessage$RegisterCheck.parseFrom(GameMessage.java:1096)
	at cpgame.demo.handler.UserHandler.handleRegisterCheck(UserHandler.java:126)
	at cpgame.demo.handler.UserHandler.handleMsg(UserHandler.java:66)
	at cpgame.demo.dispatcher.HandlerDispatcher$MessageWorker.handMessageQueue(HandlerDispatcher.java:145)
	at cpgame.demo.dispatcher.HandlerDispatcher$MessageWorker.run(HandlerDispatcher.java:130)
	at java.util.concurrent.ThreadPoolExecutor.runWorker(ThreadPoolExecutor.java:1142)
	at java.util.concurrent.ThreadPoolExecutor$Worker.run(ThreadPoolExecutor.java:617)
	at java.lang.Thread.run(Thread.java:745)

[2016-09-16 17:12:17,739][ERROR, (UserHandler.java:162).handleRegisterCheck] com.google.protobuf.InvalidProtocolBufferException: While parsing a protocol message, the input ended unexpectedly in the middle of a field.  This could mean either than the input has been truncated or that an embedded message misreported its own length.
	at com.google.protobuf.InvalidProtocolBufferException.truncatedMessage(InvalidProtocolBufferException.java:70)
	at com.google.protobuf.CodedInputStream.readRawBytes(CodedInputStream.java:789)
	at com.google.protobuf.CodedInputStream.readBytes(CodedInputStream.java:329)
	at cpgame.demo.proto.GameMessage$RegisterCheck.<init>(GameMessage.java:785)
	at cpgame.demo.proto.GameMessage$RegisterCheck.<init>(GameMessage.java:745)
	at cpgame.demo.proto.GameMessage$RegisterCheck$1.parsePartialFrom(GameMessage.java:818)
	at cpgame.demo.proto.GameMessage$RegisterCheck$1.parsePartialFrom(GameMessage.java:1)
	at com.google.protobuf.AbstractParser.parsePartialFrom(AbstractParser.java:141)
	at com.google.protobuf.AbstractParser.parseFrom(AbstractParser.java:176)
	at com.google.protobuf.AbstractParser.parseFrom(AbstractParser.java:188)
	at com.google.protobuf.AbstractParser.parseFrom(AbstractParser.java:193)
	at com.google.protobuf.AbstractParser.parseFrom(AbstractParser.java:49)
	at cpgame.demo.proto.GameMessage$RegisterCheck.parseFrom(GameMessage.java:1096)
	at cpgame.demo.handler.UserHandler.handleRegisterCheck(UserHandler.java:126)
	at cpgame.demo.handler.UserHandler.handleMsg(UserHandler.java:66)
	at cpgame.demo.dispatcher.HandlerDispatcher$MessageWorker.handMessageQueue(HandlerDispatcher.java:145)
	at cpgame.demo.dispatcher.HandlerDispatcher$MessageWorker.run(HandlerDispatcher.java:130)
	at java.util.concurrent.ThreadPoolExecutor.runWorker(ThreadPoolExecutor.java:1142)
	at java.util.concurrent.ThreadPoolExecutor$Worker.run(ThreadPoolExecutor.java:617)
	at java.lang.Thread.run(Thread.java:745)

[2016-09-16 17:14:24,821][ERROR, (UserHandler.java:162).handleRegisterCheck] com.google.protobuf.InvalidProtocolBufferException: While parsing a protocol message, the input ended unexpectedly in the middle of a field.  This could mean either than the input has been truncated or that an embedded message misreported its own length.
	at com.google.protobuf.InvalidProtocolBufferException.truncatedMessage(InvalidProtocolBufferException.java:70)
	at com.google.protobuf.CodedInputStream.readRawBytes(CodedInputStream.java:789)
	at com.google.protobuf.CodedInputStream.readBytes(CodedInputStream.java:329)
	at cpgame.demo.proto.GameMessage$RegisterCheck.<init>(GameMessage.java:785)
	at cpgame.demo.proto.GameMessage$RegisterCheck.<init>(GameMessage.java:745)
	at cpgame.demo.proto.GameMessage$RegisterCheck$1.parsePartialFrom(GameMessage.java:818)
	at cpgame.demo.proto.GameMessage$RegisterCheck$1.parsePartialFrom(GameMessage.java:1)
	at com.google.protobuf.AbstractParser.parsePartialFrom(AbstractParser.java:141)
	at com.google.protobuf.AbstractParser.parseFrom(AbstractParser.java:176)
	at com.google.protobuf.AbstractParser.parseFrom(AbstractParser.java:188)
	at com.google.protobuf.AbstractParser.parseFrom(AbstractParser.java:193)
	at com.google.protobuf.AbstractParser.parseFrom(AbstractParser.java:49)
	at cpgame.demo.proto.GameMessage$RegisterCheck.parseFrom(GameMessage.java:1096)
	at cpgame.demo.handler.UserHandler.handleRegisterCheck(UserHandler.java:126)
	at cpgame.demo.handler.UserHandler.handleMsg(UserHandler.java:66)
	at cpgame.demo.dispatcher.HandlerDispatcher$MessageWorker.handMessageQueue(HandlerDispatcher.java:145)
	at cpgame.demo.dispatcher.HandlerDispatcher$MessageWorker.run(HandlerDispatcher.java:130)
	at java.util.concurrent.ThreadPoolExecutor.runWorker(ThreadPoolExecutor.java:1142)
	at java.util.concurrent.ThreadPoolExecutor$Worker.run(ThreadPoolExecutor.java:617)
	at java.lang.Thread.run(Thread.java:745)

[2016-09-16 17:17:21,648][ERROR, (UserHandler.java:162).handleRegisterCheck] com.google.protobuf.InvalidProtocolBufferException: While parsing a protocol message, the input ended unexpectedly in the middle of a field.  This could mean either than the input has been truncated or that an embedded message misreported its own length.
	at com.google.protobuf.InvalidProtocolBufferException.truncatedMessage(InvalidProtocolBufferException.java:70)
	at com.google.protobuf.CodedInputStream.readRawBytes(CodedInputStream.java:789)
	at com.google.protobuf.CodedInputStream.readBytes(CodedInputStream.java:329)
	at cpgame.demo.proto.GameMessage$RegisterCheck.<init>(GameMessage.java:785)
	at cpgame.demo.proto.GameMessage$RegisterCheck.<init>(GameMessage.java:745)
	at cpgame.demo.proto.GameMessage$RegisterCheck$1.parsePartialFrom(GameMessage.java:818)
	at cpgame.demo.proto.GameMessage$RegisterCheck$1.parsePartialFrom(GameMessage.java:1)
	at com.google.protobuf.AbstractParser.parsePartialFrom(AbstractParser.java:141)
	at com.google.protobuf.AbstractParser.parseFrom(AbstractParser.java:176)
	at com.google.protobuf.AbstractParser.parseFrom(AbstractParser.java:188)
	at com.google.protobuf.AbstractParser.parseFrom(AbstractParser.java:193)
	at com.google.protobuf.AbstractParser.parseFrom(AbstractParser.java:49)
	at cpgame.demo.proto.GameMessage$RegisterCheck.parseFrom(GameMessage.java:1096)
	at cpgame.demo.handler.UserHandler.handleRegisterCheck(UserHandler.java:126)
	at cpgame.demo.handler.UserHandler.handleMsg(UserHandler.java:66)
	at cpgame.demo.dispatcher.HandlerDispatcher$MessageWorker.handMessageQueue(HandlerDispatcher.java:145)
	at cpgame.demo.dispatcher.HandlerDispatcher$MessageWorker.run(HandlerDispatcher.java:130)
	at java.util.concurrent.ThreadPoolExecutor.runWorker(ThreadPoolExecutor.java:1142)
	at java.util.concurrent.ThreadPoolExecutor$Worker.run(ThreadPoolExecutor.java:617)
	at java.lang.Thread.run(Thread.java:745)

[2016-09-16 17:19:38,623][ERROR, (UserHandler.java:162).handleRegisterCheck] com.google.protobuf.InvalidProtocolBufferException: While parsing a protocol message, the input ended unexpectedly in the middle of a field.  This could mean either than the input has been truncated or that an embedded message misreported its own length.
	at com.google.protobuf.InvalidProtocolBufferException.truncatedMessage(InvalidProtocolBufferException.java:70)
	at com.google.protobuf.CodedInputStream.readRawBytes(CodedInputStream.java:789)
	at com.google.protobuf.CodedInputStream.readBytes(CodedInputStream.java:329)
	at cpgame.demo.proto.GameMessage$RegisterCheck.<init>(GameMessage.java:785)
	at cpgame.demo.proto.GameMessage$RegisterCheck.<init>(GameMessage.java:745)
	at cpgame.demo.proto.GameMessage$RegisterCheck$1.parsePartialFrom(GameMessage.java:818)
	at cpgame.demo.proto.GameMessage$RegisterCheck$1.parsePartialFrom(GameMessage.java:1)
	at com.google.protobuf.AbstractParser.parsePartialFrom(AbstractParser.java:141)
	at com.google.protobuf.AbstractParser.parseFrom(AbstractParser.java:176)
	at com.google.protobuf.AbstractParser.parseFrom(AbstractParser.java:188)
	at com.google.protobuf.AbstractParser.parseFrom(AbstractParser.java:193)
	at com.google.protobuf.AbstractParser.parseFrom(AbstractParser.java:49)
	at cpgame.demo.proto.GameMessage$RegisterCheck.parseFrom(GameMessage.java:1096)
	at cpgame.demo.handler.UserHandler.handleRegisterCheck(UserHandler.java:126)
	at cpgame.demo.handler.UserHandler.handleMsg(UserHandler.java:66)
	at cpgame.demo.dispatcher.HandlerDispatcher$MessageWorker.handMessageQueue(HandlerDispatcher.java:145)
	at cpgame.demo.dispatcher.HandlerDispatcher$MessageWorker.run(HandlerDispatcher.java:130)
	at java.util.concurrent.ThreadPoolExecutor.runWorker(ThreadPoolExecutor.java:1142)
	at java.util.concurrent.ThreadPoolExecutor$Worker.run(ThreadPoolExecutor.java:617)
	at java.lang.Thread.run(Thread.java:745)

[2016-09-16 17:23:22,622][ERROR, (UserHandler.java:162).handleRegisterCheck] com.google.protobuf.InvalidProtocolBufferException: While parsing a protocol message, the input ended unexpectedly in the middle of a field.  This could mean either than the input has been truncated or that an embedded message misreported its own length.
	at com.google.protobuf.InvalidProtocolBufferException.truncatedMessage(InvalidProtocolBufferException.java:70)
	at com.google.protobuf.CodedInputStream.readRawBytes(CodedInputStream.java:789)
	at com.google.protobuf.CodedInputStream.readBytes(CodedInputStream.java:329)
	at cpgame.demo.proto.GameMessage$RegisterCheck.<init>(GameMessage.java:785)
	at cpgame.demo.proto.GameMessage$RegisterCheck.<init>(GameMessage.java:745)
	at cpgame.demo.proto.GameMessage$RegisterCheck$1.parsePartialFrom(GameMessage.java:818)
	at cpgame.demo.proto.GameMessage$RegisterCheck$1.parsePartialFrom(GameMessage.java:1)
	at com.google.protobuf.AbstractParser.parsePartialFrom(AbstractParser.java:141)
	at com.google.protobuf.AbstractParser.parseFrom(AbstractParser.java:176)
	at com.google.protobuf.AbstractParser.parseFrom(AbstractParser.java:188)
	at com.google.protobuf.AbstractParser.parseFrom(AbstractParser.java:193)
	at com.google.protobuf.AbstractParser.parseFrom(AbstractParser.java:49)
	at cpgame.demo.proto.GameMessage$RegisterCheck.parseFrom(GameMessage.java:1096)
	at cpgame.demo.handler.UserHandler.handleRegisterCheck(UserHandler.java:126)
	at cpgame.demo.handler.UserHandler.handleMsg(UserHandler.java:66)
	at cpgame.demo.dispatcher.HandlerDispatcher$MessageWorker.handMessageQueue(HandlerDispatcher.java:145)
	at cpgame.demo.dispatcher.HandlerDispatcher$MessageWorker.run(HandlerDispatcher.java:130)
	at java.util.concurrent.ThreadPoolExecutor.runWorker(ThreadPoolExecutor.java:1142)
	at java.util.concurrent.ThreadPoolExecutor$Worker.run(ThreadPoolExecutor.java:617)
	at java.lang.Thread.run(Thread.java:745)

[2016-09-16 18:10:58,017][WARN, (HandlerDispatcher.java:150).handMessageQueue] 指令 [6621706]找不到
[2016-09-16 18:11:41,674][ERROR, (UserHandler.java:162).handleRegisterCheck] com.google.protobuf.InvalidProtocolBufferException: While parsing a protocol message, the input ended unexpectedly in the middle of a field.  This could mean either than the input has been truncated or that an embedded message misreported its own length.
	at com.google.protobuf.InvalidProtocolBufferException.truncatedMessage(InvalidProtocolBufferException.java:70)
	at com.google.protobuf.CodedInputStream.readRawBytes(CodedInputStream.java:789)
	at com.google.protobuf.CodedInputStream.readBytes(CodedInputStream.java:329)
	at cpgame.demo.proto.GameMessage$RegisterCheck.<init>(GameMessage.java:785)
	at cpgame.demo.proto.GameMessage$RegisterCheck.<init>(GameMessage.java:745)
	at cpgame.demo.proto.GameMessage$RegisterCheck$1.parsePartialFrom(GameMessage.java:818)
	at cpgame.demo.proto.GameMessage$RegisterCheck$1.parsePartialFrom(GameMessage.java:1)
	at com.google.protobuf.AbstractParser.parsePartialFrom(AbstractParser.java:141)
	at com.google.protobuf.AbstractParser.parseFrom(AbstractParser.java:176)
	at com.google.protobuf.AbstractParser.parseFrom(AbstractParser.java:188)
	at com.google.protobuf.AbstractParser.parseFrom(AbstractParser.java:193)
	at com.google.protobuf.AbstractParser.parseFrom(AbstractParser.java:49)
	at cpgame.demo.proto.GameMessage$RegisterCheck.parseFrom(GameMessage.java:1096)
	at cpgame.demo.handler.UserHandler.handleRegisterCheck(UserHandler.java:126)
	at cpgame.demo.handler.UserHandler.handleMsg(UserHandler.java:66)
	at cpgame.demo.dispatcher.HandlerDispatcher$MessageWorker.handMessageQueue(HandlerDispatcher.java:145)
	at cpgame.demo.dispatcher.HandlerDispatcher$MessageWorker.run(HandlerDispatcher.java:130)
	at java.util.concurrent.ThreadPoolExecutor.runWorker(ThreadPoolExecutor.java:1142)
	at java.util.concurrent.ThreadPoolExecutor$Worker.run(ThreadPoolExecutor.java:617)
	at java.lang.Thread.run(Thread.java:745)

[2016-09-16 18:13:17,200][ERROR, (UserHandler.java:162).handleRegisterCheck] com.google.protobuf.InvalidProtocolBufferException: While parsing a protocol message, the input ended unexpectedly in the middle of a field.  This could mean either than the input has been truncated or that an embedded message misreported its own length.
	at com.google.protobuf.InvalidProtocolBufferException.truncatedMessage(InvalidProtocolBufferException.java:70)
	at com.google.protobuf.CodedInputStream.readRawBytes(CodedInputStream.java:789)
	at com.google.protobuf.CodedInputStream.readBytes(CodedInputStream.java:329)
	at cpgame.demo.proto.GameMessage$RegisterCheck.<init>(GameMessage.java:785)
	at cpgame.demo.proto.GameMessage$RegisterCheck.<init>(GameMessage.java:745)
	at cpgame.demo.proto.GameMessage$RegisterCheck$1.parsePartialFrom(GameMessage.java:818)
	at cpgame.demo.proto.GameMessage$RegisterCheck$1.parsePartialFrom(GameMessage.java:1)
	at com.google.protobuf.AbstractParser.parsePartialFrom(AbstractParser.java:141)
	at com.google.protobuf.AbstractParser.parseFrom(AbstractParser.java:176)
	at com.google.protobuf.AbstractParser.parseFrom(AbstractParser.java:188)
	at com.google.protobuf.AbstractParser.parseFrom(AbstractParser.java:193)
	at com.google.protobuf.AbstractParser.parseFrom(AbstractParser.java:49)
	at cpgame.demo.proto.GameMessage$RegisterCheck.parseFrom(GameMessage.java:1096)
	at cpgame.demo.handler.UserHandler.handleRegisterCheck(UserHandler.java:126)
	at cpgame.demo.handler.UserHandler.handleMsg(UserHandler.java:66)
	at cpgame.demo.dispatcher.HandlerDispatcher$MessageWorker.handMessageQueue(HandlerDispatcher.java:145)
	at cpgame.demo.dispatcher.HandlerDispatcher$MessageWorker.run(HandlerDispatcher.java:130)
	at java.util.concurrent.ThreadPoolExecutor.runWorker(ThreadPoolExecutor.java:1142)
	at java.util.concurrent.ThreadPoolExecutor$Worker.run(ThreadPoolExecutor.java:617)
	at java.lang.Thread.run(Thread.java:745)

[2016-09-16 18:52:21,958][WARN, (HandlerDispatcher.java:150).handMessageQueue] 指令 [0]找不到
[2016-09-16 19:13:44,483][ERROR, (UserHandler.java:162).handleRegisterCheck] com.google.protobuf.InvalidProtocolBufferException: Protocol message contained an invalid tag (zero).
	at com.google.protobuf.InvalidProtocolBufferException.invalidTag(InvalidProtocolBufferException.java:89)
	at com.google.protobuf.CodedInputStream.readTag(CodedInputStream.java:108)
	at cpgame.demo.proto.GameMessage$RegisterCheck.<init>(GameMessage.java:756)
	at cpgame.demo.proto.GameMessage$RegisterCheck.<init>(GameMessage.java:745)
	at cpgame.demo.proto.GameMessage$RegisterCheck$1.parsePartialFrom(GameMessage.java:818)
	at cpgame.demo.proto.GameMessage$RegisterCheck$1.parsePartialFrom(GameMessage.java:1)
	at com.google.protobuf.AbstractParser.parsePartialFrom(AbstractParser.java:141)
	at com.google.protobuf.AbstractParser.parseFrom(AbstractParser.java:176)
	at com.google.protobuf.AbstractParser.parseFrom(AbstractParser.java:188)
	at com.google.protobuf.AbstractParser.parseFrom(AbstractParser.java:193)
	at com.google.protobuf.AbstractParser.parseFrom(AbstractParser.java:49)
	at cpgame.demo.proto.GameMessage$RegisterCheck.parseFrom(GameMessage.java:1096)
	at cpgame.demo.handler.UserHandler.handleRegisterCheck(UserHandler.java:126)
	at cpgame.demo.handler.UserHandler.handleMsg(UserHandler.java:66)
	at cpgame.demo.dispatcher.HandlerDispatcher$MessageWorker.handMessageQueue(HandlerDispatcher.java:145)
	at cpgame.demo.dispatcher.HandlerDispatcher$MessageWorker.run(HandlerDispatcher.java:130)
	at java.util.concurrent.ThreadPoolExecutor.runWorker(ThreadPoolExecutor.java:1142)
	at java.util.concurrent.ThreadPoolExecutor$Worker.run(ThreadPoolExecutor.java:617)
	at java.lang.Thread.run(Thread.java:745)

[2016-09-16 19:15:02,273][WARN, (HandlerDispatcher.java:150).handMessageQueue] 指令 [98]找不到
[2016-09-16 19:54:14,872][WARN, (HandlerDispatcher.java:150).handMessageQueue] 指令 [98]找不到
[2016-09-16 19:56:18,771][ERROR, (UserHandler.java:162).handleRegisterCheck] com.google.protobuf.InvalidProtocolBufferException: While parsing a protocol message, the input ended unexpectedly in the middle of a field.  This could mean either than the input has been truncated or that an embedded message misreported its own length.
	at com.google.protobuf.InvalidProtocolBufferException.truncatedMessage(InvalidProtocolBufferException.java:70)
	at com.google.protobuf.CodedInputStream.readRawBytes(CodedInputStream.java:789)
	at com.google.protobuf.CodedInputStream.readBytes(CodedInputStream.java:329)
	at cpgame.demo.proto.GameMessage$RegisterCheck.<init>(GameMessage.java:785)
	at cpgame.demo.proto.GameMessage$RegisterCheck.<init>(GameMessage.java:745)
	at cpgame.demo.proto.GameMessage$RegisterCheck$1.parsePartialFrom(GameMessage.java:818)
	at cpgame.demo.proto.GameMessage$RegisterCheck$1.parsePartialFrom(GameMessage.java:1)
	at com.google.protobuf.AbstractParser.parsePartialFrom(AbstractParser.java:141)
	at com.google.protobuf.AbstractParser.parseFrom(AbstractParser.java:176)
	at com.google.protobuf.AbstractParser.parseFrom(AbstractParser.java:188)
	at com.google.protobuf.AbstractParser.parseFrom(AbstractParser.java:193)
	at com.google.protobuf.AbstractParser.parseFrom(AbstractParser.java:49)
	at cpgame.demo.proto.GameMessage$RegisterCheck.parseFrom(GameMessage.java:1096)
	at cpgame.demo.handler.UserHandler.handleRegisterCheck(UserHandler.java:126)
	at cpgame.demo.handler.UserHandler.handleMsg(UserHandler.java:66)
	at cpgame.demo.dispatcher.HandlerDispatcher$MessageWorker.handMessageQueue(HandlerDispatcher.java:145)
	at cpgame.demo.dispatcher.HandlerDispatcher$MessageWorker.run(HandlerDispatcher.java:130)
	at java.util.concurrent.ThreadPoolExecutor.runWorker(ThreadPoolExecutor.java:1142)
	at java.util.concurrent.ThreadPoolExecutor$Worker.run(ThreadPoolExecutor.java:617)
	at java.lang.Thread.run(Thread.java:745)

[2016-09-16 20:32:30,761][WARN, (HandlerDispatcher.java:150).handMessageQueue] 指令 [26624]找不到
[2016-09-16 22:35:47,791][WARN, (HandlerDispatcher.java:150).handMessageQueue] 指令 [104]找不到
